<?xml version="1.0" encoding="UTF-8"?>
<testng-results skipped="0" failed="1" ignored="0" total="3" passed="2">
  <reporter-output>
  </reporter-output>
  <suite name="Default suite" duration-ms="15369" started-at="2019-06-18T19:36:21Z" finished-at="2019-06-18T19:36:36Z">
    <groups>
      <group name="regression">
        <method signature="LoginPageTest.negativeLogin()[pri:0, instance:com.syntax.testcases.LoginPageTest@6a41eaa2]" name="negativeLogin" class="com.syntax.testcases.LoginPageTest"/>
      </group> <!-- regression -->
      <group name="smoke">
        <method signature="LoginPageTest.doLogin()[pri:0, instance:com.syntax.testcases.LoginPageTest@6a41eaa2]" name="doLogin" class="com.syntax.testcases.LoginPageTest"/>
        <method signature="LoginPageTest.loginToOrangeHRM()[pri:0, instance:com.syntax.testcases.LoginPageTest@6a41eaa2]" name="loginToOrangeHRM" class="com.syntax.testcases.LoginPageTest"/>
      </group> <!-- smoke -->
    </groups>
    <test name="Default test" duration-ms="15369" started-at="2019-06-18T19:36:21Z" finished-at="2019-06-18T19:36:36Z">
      <class name="com.syntax.testcases.LoginPageTest">
        <test-method status="PASS" signature="generateReport()[pri:0, instance:com.syntax.testcases.LoginPageTest@6a41eaa2]" name="generateReport" is-config="true" duration-ms="308" started-at="2019-06-18T19:36:21Z" finished-at="2019-06-18T19:36:21Z">
          <reporter-output>
          </reporter-output>
        </test-method> <!-- generateReport -->
        <test-method status="PASS" signature="setUp()[pri:0, instance:com.syntax.testcases.LoginPageTest@6a41eaa2]" name="setUp" is-config="true" duration-ms="3899" started-at="2019-06-18T19:36:21Z" finished-at="2019-06-18T19:36:25Z">
          <reporter-output>
          </reporter-output>
        </test-method> <!-- setUp -->
        <test-method status="PASS" signature="doLogin()[pri:0, instance:com.syntax.testcases.LoginPageTest@6a41eaa2]" name="doLogin" duration-ms="2864" started-at="2019-06-18T19:36:25Z" finished-at="2019-06-18T19:36:28Z">
          <reporter-output>
          </reporter-output>
        </test-method> <!-- doLogin -->
        <test-method status="PASS" signature="tearDown()[pri:0, instance:com.syntax.testcases.LoginPageTest@6a41eaa2]" name="tearDown" is-config="true" duration-ms="179" started-at="2019-06-18T19:36:28Z" finished-at="2019-06-18T19:36:28Z">
          <reporter-output>
          </reporter-output>
        </test-method> <!-- tearDown -->
        <test-method status="PASS" signature="setUp()[pri:0, instance:com.syntax.testcases.LoginPageTest@6a41eaa2]" name="setUp" is-config="true" duration-ms="2907" started-at="2019-06-18T19:36:28Z" finished-at="2019-06-18T19:36:31Z">
          <reporter-output>
          </reporter-output>
        </test-method> <!-- setUp -->
        <test-method status="FAIL" signature="loginToOrangeHRM()[pri:0, instance:com.syntax.testcases.LoginPageTest@6a41eaa2]" name="loginToOrangeHRM" duration-ms="70" started-at="2019-06-18T19:36:31Z" finished-at="2019-06-18T19:36:31Z">
          <exception class="java.lang.NullPointerException">
            <full-stacktrace>
              <![CDATA[java.lang.NullPointerException
at com.syntax.testcases.LoginPageTest.loginToOrangeHRM(LoginPageTest.java:25)
at sun.reflect.NativeMethodAccessorImpl.invoke0(Native Method)
at sun.reflect.NativeMethodAccessorImpl.invoke(NativeMethodAccessorImpl.java:62)
at sun.reflect.DelegatingMethodAccessorImpl.invoke(DelegatingMethodAccessorImpl.java:43)
at java.lang.reflect.Method.invoke(Method.java:498)
at org.testng.internal.MethodInvocationHelper.invokeMethod(MethodInvocationHelper.java:124)
at org.testng.internal.Invoker.invokeMethod(Invoker.java:583)
at org.testng.internal.Invoker.invokeTestMethod(Invoker.java:719)
at org.testng.internal.Invoker.invokeTestMethods(Invoker.java:989)
at org.testng.internal.TestMethodWorker.invokeTestMethods(TestMethodWorker.java:125)
at org.testng.internal.TestMethodWorker.run(TestMethodWorker.java:109)
at org.testng.TestRunner.privateRun(TestRunner.java:648)
at org.testng.TestRunner.run(TestRunner.java:505)
at org.testng.SuiteRunner.runTest(SuiteRunner.java:455)
at org.testng.SuiteRunner.runSequentially(SuiteRunner.java:450)
at org.testng.SuiteRunner.privateRun(SuiteRunner.java:415)
at org.testng.SuiteRunner.run(SuiteRunner.java:364)
at org.testng.SuiteRunnerWorker.runSuite(SuiteRunnerWorker.java:52)
at org.testng.SuiteRunnerWorker.run(SuiteRunnerWorker.java:84)
at org.testng.TestNG.runSuitesSequentially(TestNG.java:1208)
at org.testng.TestNG.runSuitesLocally(TestNG.java:1137)
at org.testng.TestNG.runSuites(TestNG.java:1049)
at org.testng.TestNG.run(TestNG.java:1017)
at org.testng.remote.AbstractRemoteTestNG.run(AbstractRemoteTestNG.java:115)
at org.testng.remote.RemoteTestNG.initAndRun(RemoteTestNG.java:251)
at org.testng.remote.RemoteTestNG.main(RemoteTestNG.java:77)
]]>
            </full-stacktrace>
          </exception> <!-- java.lang.NullPointerException -->
          <reporter-output>
          </reporter-output>
        </test-method> <!-- loginToOrangeHRM -->
        <test-method status="PASS" signature="tearDown()[pri:0, instance:com.syntax.testcases.LoginPageTest@6a41eaa2]" name="tearDown" is-config="true" duration-ms="202" started-at="2019-06-18T19:36:31Z" finished-at="2019-06-18T19:36:31Z">
          <reporter-output>
          </reporter-output>
        </test-method> <!-- tearDown -->
        <test-method status="PASS" signature="setUp()[pri:0, instance:com.syntax.testcases.LoginPageTest@6a41eaa2]" name="setUp" is-config="true" duration-ms="2934" started-at="2019-06-18T19:36:31Z" finished-at="2019-06-18T19:36:34Z">
          <reporter-output>
          </reporter-output>
        </test-method> <!-- setUp -->
        <test-method status="PASS" signature="negativeLogin()[pri:0, instance:com.syntax.testcases.LoginPageTest@6a41eaa2]" name="negativeLogin" duration-ms="1775" started-at="2019-06-18T19:36:34Z" finished-at="2019-06-18T19:36:36Z">
          <reporter-output>
          </reporter-output>
        </test-method> <!-- negativeLogin -->
        <test-method status="PASS" signature="tearDown()[pri:0, instance:com.syntax.testcases.LoginPageTest@6a41eaa2]" name="tearDown" is-config="true" duration-ms="155" started-at="2019-06-18T19:36:36Z" finished-at="2019-06-18T19:36:36Z">
          <reporter-output>
          </reporter-output>
        </test-method> <!-- tearDown -->
        <test-method status="PASS" signature="flushReport()[pri:0, instance:com.syntax.testcases.LoginPageTest@6a41eaa2]" name="flushReport" is-config="true" duration-ms="34" started-at="2019-06-18T19:36:36Z" finished-at="2019-06-18T19:36:36Z">
          <reporter-output>
          </reporter-output>
        </test-method> <!-- flushReport -->
      </class> <!-- com.syntax.testcases.LoginPageTest -->
    </test> <!-- Default test -->
  </suite> <!-- Default suite -->
</testng-results>
